<?xml version="1.0" encoding="UTF-8"?>
<!-- Generated by org.testng.reporters.JUnitReportReporter -->
<testsuite hostname="DESKTOP-D69UDMV" name="LoginTest.SanityLogin" tests="3" failures="0" timestamp="30 May 2019 08:42:39 GMT" time="43.988" errors="0">
  <testcase name="TC1" time="15.751" classname="LoginTest.SanityLogin"/>
  <testcase name="Tc2" time="12.505" classname="LoginTest.SanityLogin"/>
  <testcase name="TC3" time="15.732" classname="LoginTest.SanityLogin"/>
</testsuite> <!-- LoginTest.SanityLogin -->
