<?xml version="1.0" encoding="UTF-8"?>
<!-- Generated by org.testng.reporters.JUnitReportReporter -->
<testsuite hostname="DESKTOP-D69UDMV" name="Gemel.GemelSanityFlow" tests="1" failures="0" timestamp="7 May 2019 11:19:20 GMT" time="13.325" errors="0">
  <testcase name="LoginWithUser" time="13.325" classname="Gemel.GemelSanityFlow"/>
</testsuite> <!-- Gemel.GemelSanityFlow -->
