<?xml version="1.0" encoding="UTF-8"?>
<!-- Generated by org.testng.reporters.JUnitReportReporter -->
<testsuite hostname="DESKTOP-D69UDMV" name="LoginTest.LoginWithEmailOnly" tests="2" failures="0" timestamp="18 Feb 2019 15:03:00 GMT" time="2.388" errors="0">
  <testcase name="goToLoginPage" time="0.221" classname="LoginTest.LoginWithEmailOnly"/>
  <testcase name="LoginWithEmail" time="2.167" classname="LoginTest.LoginWithEmailOnly"/>
</testsuite> <!-- LoginTest.LoginWithEmailOnly -->
