<?xml version="1.0" encoding="UTF-8"?>
<!-- Generated by org.testng.reporters.JUnitReportReporter -->
<testsuite hostname="DESKTOP-D69UDMV" name="LoginTest.LoginWithIncorrectEmail" tests="2" failures="0" timestamp="28 Feb 2019 07:50:02 GMT" time="1.680" errors="0">
  <testcase name="LoginWithIncorrectEmailAddress" time="1.405" classname="LoginTest.LoginWithIncorrectEmail"/>
  <testcase name="goToLoginPage" time="0.275" classname="LoginTest.LoginWithIncorrectEmail"/>
</testsuite> <!-- LoginTest.LoginWithIncorrectEmail -->
