<?xml version="1.0" encoding="UTF-8"?>
<!-- Generated by org.testng.reporters.JUnitReportReporter -->
<testsuite hostname="DESKTOP-D69UDMV" name="Pension.PensionSanity" tests="1" failures="0" timestamp="20 May 2019 10:12:37 GMT" time="23.016" errors="0">
  <testcase name="LoginWithUser" time="23.016" classname="Pension.PensionSanity"/>
</testsuite> <!-- Pension.PensionSanity -->
