<?xml version="1.0" encoding="UTF-8"?>
<!-- Generated by org.testng.reporters.JUnitReportReporter -->
<testsuite hostname="DESKTOP-D69UDMV" name="LoginTest.LoginErrorHandalingTests" tests="5" failures="0" timestamp="19 May 2019 07:49:58 GMT" time="34.914" errors="0">
  <testcase name="TC1" time="6.839" classname="LoginTest.LoginErrorHandalingTests"/>
  <testcase name="TC3" time="7.359" classname="LoginTest.LoginErrorHandalingTests"/>
  <testcase name="TC5" time="5.002" classname="LoginTest.LoginErrorHandalingTests"/>
  <testcase name="TC4" time="5.476" classname="LoginTest.LoginErrorHandalingTests"/>
  <testcase name="TC2" time="10.238" classname="LoginTest.LoginErrorHandalingTests"/>
</testsuite> <!-- LoginTest.LoginErrorHandalingTests -->
