<?xml version="1.0" encoding="UTF-8"?>
<!-- Generated by org.testng.reporters.JUnitReportReporter -->
<testsuite hostname="DESKTOP-D69UDMV" name="LoginTest.correctLoginTest" tests="4" failures="0" timestamp="19 May 2019 06:16:47 GMT" time="56.178" errors="0">
  <testcase name="TC3" time="16.934" classname="LoginTest.correctLoginTest"/>
  <testcase name="Tc2" time="14.836" classname="LoginTest.correctLoginTest"/>
  <testcase name="TC4" time="7.875" classname="LoginTest.correctLoginTest"/>
  <testcase name="TC1" time="16.533" classname="LoginTest.correctLoginTest"/>
</testsuite> <!-- LoginTest.correctLoginTest -->
