<?xml version="1.0" encoding="UTF-8"?>
<!-- Generated by org.testng.reporters.JUnitReportReporter -->
<testsuite hostname="DESKTOP-D69UDMV" name="newWebMobile.Web.IntroPage" tests="2" failures="0" timestamp="13 Feb 2019 15:10:05 GMT" time="1.640" errors="0">
  <testcase name="goToLoginPage" time="0.244" classname="newWebMobile.Web.IntroPage"/>
  <testcase name="LoginWithCorrectUser" time="1.396" classname="newWebMobile.Web.IntroPage"/>
</testsuite> <!-- newWebMobile.Web.IntroPage -->
