<?xml version="1.0" encoding="UTF-8"?>
<!-- Generated by org.testng.reporters.JUnitReportReporter -->
<testsuite hostname="DESKTOP-D69UDMV" name="LoginTest.LoginWithPhoneNumberOnly" tests="2" failures="0" timestamp="18 Feb 2019 13:42:28 GMT" time="1.717" errors="0">
  <testcase name="goToLoginPage" time="0.225" classname="LoginTest.LoginWithPhoneNumberOnly"/>
  <testcase name="LoginWithIncorrectUser" time="1.492" classname="LoginTest.LoginWithPhoneNumberOnly"/>
</testsuite> <!-- LoginTest.LoginWithPhoneNumberOnly -->
